<?xml version="1.0" encoding="UTF-8"?>
<!-- Generated by org.testng.reporters.JUnitXMLReporter -->
<testsuite hostname="ATMECSINLT-031" ignored="0" name="ValidateProductOutcome" tests="15" failures="0" timestamp="2019-10-14T16:40:31 IST" time="61.056" errors="0">
  <testcase name="validatePositiveOutcome" time="2.955" classname="com.konakart.TestScript.ValidateProductOutcome"/>
  <testcase name="validatePositiveOutcome" time="3.056" classname="com.konakart.TestScript.ValidateProductOutcome"/>
  <testcase name="validatePositiveOutcome" time="3.66" classname="com.konakart.TestScript.ValidateProductOutcome"/>
  <testcase name="validatePositiveOutcome" time="4.106" classname="com.konakart.TestScript.ValidateProductOutcome"/>
  <testcase name="validatePositiveOutcome" time="4.548" classname="com.konakart.TestScript.ValidateProductOutcome"/>
  <testcase name="validatePositiveOutcome" time="3.275" classname="com.konakart.TestScript.ValidateProductOutcome"/>
  <testcase name="validatePositiveOutcome" time="3.171" classname="com.konakart.TestScript.ValidateProductOutcome"/>
  <testcase name="validatePositiveOutcome" time="4.024" classname="com.konakart.TestScript.ValidateProductOutcome"/>
  <testcase name="validatePositiveOutcome" time="3.815" classname="com.konakart.TestScript.ValidateProductOutcome"/>
  <testcase name="validatePositiveOutcome" time="5.165" classname="com.konakart.TestScript.ValidateProductOutcome"/>
  <testcase name="validateNegativeOutcome" time="2.877" classname="com.konakart.TestScript.ValidateProductOutcome"/>
  <testcase name="validateNegativeOutcome" time="3.757" classname="com.konakart.TestScript.ValidateProductOutcome"/>
  <testcase name="validateNegativeOutcome" time="3.27" classname="com.konakart.TestScript.ValidateProductOutcome"/>
  <testcase name="validateNegativeOutcome" time="3.478" classname="com.konakart.TestScript.ValidateProductOutcome"/>
  <testcase name="validateNegativeOutcome" time="2.866" classname="com.konakart.TestScript.ValidateProductOutcome"/>
</testsuite> <!-- ValidateProductOutcome -->
