<?xml version="1.0" encoding="UTF-8"?>
<!-- Generated by org.testng.reporters.JUnitXMLReporter -->
<testsuite hostname="ATMECSINLT-031" ignored="0" name="Test" tests="15" failures="0" timestamp="2019-10-14T16:23:34 IST" time="58.442" errors="0">
  <testcase name="validatePositiveOutcome" time="2.379" classname="com.konakart.TestScript.ValidateProductOutcome"/>
  <testcase name="validatePositiveOutcome" time="3.298" classname="com.konakart.TestScript.ValidateProductOutcome"/>
  <testcase name="validatePositiveOutcome" time="4.504" classname="com.konakart.TestScript.ValidateProductOutcome"/>
  <testcase name="validatePositiveOutcome" time="3.784" classname="com.konakart.TestScript.ValidateProductOutcome"/>
  <testcase name="validatePositiveOutcome" time="3.596" classname="com.konakart.TestScript.ValidateProductOutcome"/>
  <testcase name="validatePositiveOutcome" time="3.422" classname="com.konakart.TestScript.ValidateProductOutcome"/>
  <testcase name="validatePositiveOutcome" time="3.01" classname="com.konakart.TestScript.ValidateProductOutcome"/>
  <testcase name="validatePositiveOutcome" time="3.473" classname="com.konakart.TestScript.ValidateProductOutcome"/>
  <testcase name="validatePositiveOutcome" time="3.647" classname="com.konakart.TestScript.ValidateProductOutcome"/>
  <testcase name="validatePositiveOutcome" time="4.45" classname="com.konakart.TestScript.ValidateProductOutcome"/>
  <testcase name="validateNegativeOutcome" time="2.707" classname="com.konakart.TestScript.ValidateProductOutcome"/>
  <testcase name="validateNegativeOutcome" time="2.616" classname="com.konakart.TestScript.ValidateProductOutcome"/>
  <testcase name="validateNegativeOutcome" time="5.607" classname="com.konakart.TestScript.ValidateProductOutcome"/>
  <testcase name="validateNegativeOutcome" time="2.807" classname="com.konakart.TestScript.ValidateProductOutcome"/>
  <testcase name="validateNegativeOutcome" time="2.979" classname="com.konakart.TestScript.ValidateProductOutcome"/>
</testsuite> <!-- Test -->
