<?xml version="1.0" encoding="UTF-8"?>
<testng-results skipped="0" failed="1" ignored="0" total="1" passed="0">
  <reporter-output>
  </reporter-output>
  <suite name="Default suite" duration-ms="12708" started-at="2019-10-15T20:03:16 IST" finished-at="2019-10-15T20:03:29 IST">
    <groups>
    </groups>
    <test name="Default test" duration-ms="12708" started-at="2019-10-15T20:03:16 IST" finished-at="2019-10-15T20:03:29 IST">
      <class name="com.konakart.TestScript.ValidateProductDetails">
        <test-method status="PASS" signature="openBrowser()[pri:0, instance:com.konakart.TestScript.ValidateProductDetails@2d6eabae]" name="openBrowser" is-config="true" duration-ms="4857" started-at="2019-10-15T20:03:16 IST" finished-at="2019-10-15T20:03:21 IST">
          <reporter-output>
          </reporter-output>
        </test-method> <!-- openBrowser -->
        <test-method status="FAIL" signature="validateProductDetails(java.lang.String, java.lang.String, java.lang.String)[pri:0, instance:com.konakart.TestScript.ValidateProductDetails@2d6eabae]" name="validateProductDetails" duration-ms="6167" started-at="2019-10-15T20:03:22 IST" data-provider="productDetails" finished-at="2019-10-15T20:03:28 IST">
          <params>
            <param index="0">
              <value>
                <![CDATA[World's most advanced 7" tablet
1280x800 HD display with polarizing filter and anti-glare technology for rich color and deep contrast from any viewing angle
Exclusive Dolby audio and dual-driver stereo speakers for immersive, virtual surround sound
World's first tablet with dual-band, dual-antenna Wi-Fi for 40% faster downloads and streaming (compared to iPad 3)
High performance 1.2 Ghz dual-core processor with Imagination PowerVR 3D graphics core for fast and fluid performance]]>
              </value>
            </param>
            <param index="1">
              <value>
                <![CDATA[Add your product specifications here. By default, the Enterprise version of KonaKart displays the template based custom attributes.]]>
              </value>
            </param>
            <param index="2">
              <value>
                <![CDATA[The De'Longhi BCO 410 is a 15 bar espresso/filter coffee machine that will ensure you get the perfect coffee experience, regardless of your tastes. Able to make 10 cups of filter coffee or individual espressos (either via ground coffee or with "Easy Serving Espresso" pods), the BCO 410 is a versatile and high-quality machine. The espresso portion of the machine comes complete with a crema filter holder, adjustable steam emission, removable water reservoir and cup holder. The filter coffee portion of the machine comes complete with a jug warmer to ensure the coffee remains hot after brewing, frontal loading to make the machine incredibly easy to refill (both water and coffee) and a water filtration system to make your coffee taste that much better.]]>
              </value>
            </param>
          </params>
          <exception class="java.lang.AssertionError">
            <message>
              <![CDATA[expected [Add your product specifications here. By default, the Enterprise version of KonaKart displays the template based custom attributes.] but found []]]>
            </message>
            <full-stacktrace>
              <![CDATA[java.lang.AssertionError: expected [Add your product specifications here. By default, the Enterprise version of KonaKart displays the template based custom attributes.] but found []
at org.testng.Assert.fail(Assert.java:97)
at org.testng.Assert.assertEqualsImpl(Assert.java:136)
at org.testng.Assert.assertEquals(Assert.java:118)
at org.testng.Assert.assertEquals(Assert.java:575)
at org.testng.Assert.assertEquals(Assert.java:585)
at com.konakart.Helper.Validation.validationAssertEquals(Validation.java:17)
at com.konakart.Helper.ValidationPage.validateProductDetails(ValidationPage.java:15)
at com.konakart.TestScript.ValidateProductDetails.validateProductDetails(ValidateProductDetails.java:56)
at sun.reflect.NativeMethodAccessorImpl.invoke0(Native Method)
at sun.reflect.NativeMethodAccessorImpl.invoke(Unknown Source)
at sun.reflect.DelegatingMethodAccessorImpl.invoke(Unknown Source)
at java.lang.reflect.Method.invoke(Unknown Source)
at org.testng.internal.MethodInvocationHelper.invokeMethod(MethodInvocationHelper.java:133)
at org.testng.internal.TestInvoker.invokeMethod(TestInvoker.java:584)
at org.testng.internal.TestInvoker.invokeTestMethod(TestInvoker.java:172)
at org.testng.internal.MethodRunner.runInSequence(MethodRunner.java:46)
at org.testng.internal.TestInvoker$MethodInvocationAgent.invoke(TestInvoker.java:804)
at org.testng.internal.TestInvoker.invokeTestMethods(TestInvoker.java:145)
at org.testng.internal.TestMethodWorker.invokeTestMethods(TestMethodWorker.java:146)
at org.testng.internal.TestMethodWorker.run(TestMethodWorker.java:128)
at java.util.ArrayList.forEach(Unknown Source)
at org.testng.TestRunner.privateRun(TestRunner.java:770)
at org.testng.TestRunner.run(TestRunner.java:591)
at org.testng.SuiteRunner.runTest(SuiteRunner.java:402)
at org.testng.SuiteRunner.runSequentially(SuiteRunner.java:396)
at org.testng.SuiteRunner.privateRun(SuiteRunner.java:355)
at org.testng.SuiteRunner.run(SuiteRunner.java:304)
at org.testng.SuiteRunnerWorker.runSuite(SuiteRunnerWorker.java:53)
at org.testng.SuiteRunnerWorker.run(SuiteRunnerWorker.java:96)
at org.testng.TestNG.runSuitesSequentially(TestNG.java:1180)
at org.testng.TestNG.runSuitesLocally(TestNG.java:1102)
at org.testng.TestNG.runSuites(TestNG.java:1032)
at org.testng.TestNG.run(TestNG.java:1000)
at org.testng.remote.AbstractRemoteTestNG.run(AbstractRemoteTestNG.java:115)
at org.testng.remote.RemoteTestNG.initAndRun(RemoteTestNG.java:251)
at org.testng.remote.RemoteTestNG.main(RemoteTestNG.java:77)
]]>
            </full-stacktrace>
          </exception> <!-- java.lang.AssertionError -->
          <reporter-output>
          </reporter-output>
        </test-method> <!-- validateProductDetails -->
        <test-method status="PASS" signature="closeBrowser()[pri:0, instance:com.konakart.TestScript.ValidateProductDetails@2d6eabae]" name="closeBrowser" is-config="true" duration-ms="714" started-at="2019-10-15T20:03:28 IST" finished-at="2019-10-15T20:03:29 IST">
          <reporter-output>
          </reporter-output>
        </test-method> <!-- closeBrowser -->
      </class> <!-- com.konakart.TestScript.ValidateProductDetails -->
    </test> <!-- Default test -->
  </suite> <!-- Default suite -->
</testng-results>
