<?xml version="1.0" encoding="UTF-8"?>
<!-- Generated by org.testng.reporters.JUnitXMLReporter -->
<testsuite hostname="ATMECSINLT-031" ignored="0" name="ValidateProductOutcome" tests="15" failures="0" timestamp="2019-10-14T20:21:19 IST" time="61.871" errors="0">
  <testcase name="validatePositiveOutcome" time="2.744" classname="com.konakart.TestScript.ValidateProductOutcome"/>
  <testcase name="validatePositiveOutcome" time="3.109" classname="com.konakart.TestScript.ValidateProductOutcome"/>
  <testcase name="validatePositiveOutcome" time="4.051" classname="com.konakart.TestScript.ValidateProductOutcome"/>
  <testcase name="validatePositiveOutcome" time="4.188" classname="com.konakart.TestScript.ValidateProductOutcome"/>
  <testcase name="validatePositiveOutcome" time="4.113" classname="com.konakart.TestScript.ValidateProductOutcome"/>
  <testcase name="validatePositiveOutcome" time="3.956" classname="com.konakart.TestScript.ValidateProductOutcome"/>
  <testcase name="validatePositiveOutcome" time="3.545" classname="com.konakart.TestScript.ValidateProductOutcome"/>
  <testcase name="validatePositiveOutcome" time="3.249" classname="com.konakart.TestScript.ValidateProductOutcome"/>
  <testcase name="validatePositiveOutcome" time="3.924" classname="com.konakart.TestScript.ValidateProductOutcome"/>
  <testcase name="validatePositiveOutcome" time="4.812" classname="com.konakart.TestScript.ValidateProductOutcome"/>
  <testcase name="validateNegativeOutcome" time="3.435" classname="com.konakart.TestScript.ValidateProductOutcome"/>
  <testcase name="validateNegativeOutcome" time="3.114" classname="com.konakart.TestScript.ValidateProductOutcome"/>
  <testcase name="validateNegativeOutcome" time="3.739" classname="com.konakart.TestScript.ValidateProductOutcome"/>
  <testcase name="validateNegativeOutcome" time="3.295" classname="com.konakart.TestScript.ValidateProductOutcome"/>
  <testcase name="validateNegativeOutcome" time="3.934" classname="com.konakart.TestScript.ValidateProductOutcome"/>
</testsuite> <!-- ValidateProductOutcome -->
